<?xml version="1.0" encoding="UTF-8"?>
<testng-results ignored="0" total="1" passed="1" failed="0" skipped="0">
  <reporter-output>
  </reporter-output>
  <suite started-at="2022-12-21T14:18:14 IST" name="Default suite" finished-at="2022-12-21T14:20:02 IST" duration-ms="107840">
    <groups>
    </groups>
    <test started-at="2022-12-21T14:18:14 IST" name="Default test" finished-at="2022-12-21T14:20:02 IST" duration-ms="107840">
      <class name="chromeOptions.AllowMediaAccess">
        <test-method signature="demo()[pri:0, instance:chromeOptions.AllowMediaAccess@169e6180]" started-at="2022-12-21T14:18:14 IST" name="demo" finished-at="2022-12-21T14:20:02 IST" duration-ms="107783" status="PASS">
          <reporter-output>
          </reporter-output>
        </test-method> <!-- demo -->
      </class> <!-- chromeOptions.AllowMediaAccess -->
    </test> <!-- Default test -->
  </suite> <!-- Default suite -->
</testng-results>
